\BOOKMARK [1][-]{section.1}{Introduction}{}% 1
\BOOKMARK [2][-]{subsection.1.1}{A subsection}{section.1}% 2
\BOOKMARK [1][-]{section.2}{Literature Review}{}% 3
\BOOKMARK [2][-]{subsection.2.1}{A subsection}{section.2}% 4
\BOOKMARK [1][-]{section.3}{Research Problem}{}% 5
\BOOKMARK [2][-]{subsection.3.1}{A subsection}{section.3}% 6
\BOOKMARK [1][-]{section.4}{Development Model}{}% 7
\BOOKMARK [2][-]{subsection.4.1}{A subsection}{section.4}% 8
\BOOKMARK [1][-]{section.5}{Designing The Library}{}% 9
\BOOKMARK [2][-]{subsection.5.1}{A subsection}{section.5}% 10
\BOOKMARK [1][-]{section.6}{Build Process}{}% 11
\BOOKMARK [2][-]{subsection.6.1}{A subsection}{section.6}% 12
\BOOKMARK [1][-]{section.7}{Testing \040Stability}{}% 13
\BOOKMARK [2][-]{subsection.7.1}{A subsection}{section.7}% 14
\BOOKMARK [1][-]{section.8}{Quantative Analysis}{}% 15
\BOOKMARK [2][-]{subsection.8.1}{A subsection}{section.8}% 16
\BOOKMARK [1][-]{section.9}{Recomendatations}{}% 17
\BOOKMARK [2][-]{subsection.9.1}{A subsection}{section.9}% 18
\BOOKMARK [1][-]{section.10}{Future Works}{}% 19
\BOOKMARK [2][-]{subsection.10.1}{A subsection}{section.10}% 20
\BOOKMARK [1][-]{section.11}{Conclusion}{}% 21
\BOOKMARK [2][-]{subsection.11.1}{A subsection}{section.11}% 22
\BOOKMARK [1][-]{appendix.A}{Example appendix}{}% 23
\BOOKMARK [2][-]{subsection.A.1}{A subsection}{appendix.A}% 24
